  UnitTest13.1.cpp
     Creating library D:\Project\Project13.1\Debug\UnitTest13.1.lib and object D:\Project\Project13.1\Debug\UnitTest13.1.exp
UnitTest13.1.obj : error LNK2019: unresolved external symbol "void __cdecl nsSum::sum(void)" (?sum@nsSum@@YAXXZ) referenced in function "public: void __thiscall UnitTest131::UnitTest131::TestMethod1(void)" (?TestMethod1@UnitTest131@1@QAEXXZ)
UnitTest13.1.obj : error LNK2001: unresolved external symbol "double nsVar::x" (?x@nsVar@@3NA)
D:\Project\Project13.1\Debug\UnitTest13.1.dll : fatal error LNK1120: 2 unresolved externals
